<?xml version="1.0" encoding="utf-8" standalone="no"?>
<!--This file represents the results of running a test suite-->
<test-results name="C:\Users\roboblob\Documents\GitHub\Azure_CustomDeployScript\AspIdentityTest.Tests\bin\release\AspIdentityTest.Tests.dll" total="1" errors="0" failures="0" not-run="0" inconclusive="0" ignored="0" skipped="0" invalid="0" date="2014-11-14" time="12:53:48">
  <environment nunit-version="2.6.3.13283" clr-version="2.0.50727.5477" os-version="Microsoft Windows NT 6.1.7601 Service Pack 1" platform="Win32NT" cwd="C:\Users\roboblob\Documents\GitHub\Azure_CustomDeployScript" machine-name="BLOB" user="roboblob" user-domain="BLOB" />
  <culture-info current-culture="en-US" current-uiculture="en-US" />
  <test-suite type="Assembly" name="C:\Users\roboblob\Documents\GitHub\Azure_CustomDeployScript\AspIdentityTest.Tests\bin\release\AspIdentityTest.Tests.dll" executed="True" result="Success" success="True" time="0.020" asserts="0">
    <results>
      <test-suite type="Namespace" name="AspIdentityTest" executed="True" result="Success" success="True" time="0.015" asserts="0">
        <results>
          <test-suite type="Namespace" name="Tests" executed="True" result="Success" success="True" time="0.015" asserts="0">
            <results>
              <test-suite type="TestFixture" name="Class1" executed="True" result="Success" success="True" time="0.014" asserts="0">
                <results>
                  <test-case name="AspIdentityTest.Tests.Class1.PassingTest" executed="True" result="Success" success="True" time="0.010" asserts="0">
                    <reason>
                      <message><![CDATA[]]></message>
                    </reason>
                  </test-case>
                </results>
              </test-suite>
            </results>
          </test-suite>
        </results>
      </test-suite>
    </results>
  </test-suite>
</test-results>